2020.06.20 07:36:10 INFO  started: Metals version 0.9.0 in workspace '/Users/adam/projects/surus'
2020.06.20 07:36:10 INFO  time: initialize in 0.42s
2020.06.20 07:36:13 INFO  no build target: using presentation compiler with only scala-library
2020.06.20 07:36:14 WARN  no build target for: /Users/adam/projects/surus/HillReport.scala
2020.06.20 07:36:15 INFO  running '/Library/Java/JavaVirtualMachines/jdk1.8.0_144.jdk/Contents/Home/jre/bin/java -Djline.terminal=jline.UnsupportedTerminal -Dsbt.log.noformat=true -Dfile.encoding=UTF-8 -jar /var/folders/r2/9gk2tdtn4p91pms9xj6gfd_00000gn/T/metals2879546442105153804/sbt-launch.jar -Dbloop.export-jar-classifiers=sources bloopInstall'
2020.06.20 07:36:14 INFO  skipping build import with status 'Started'
2020.06.20 07:36:26 INFO  [info] Loading global plugins from /Users/adam/.sbt/1.0/plugins
2020.06.20 07:36:26 INFO  [info] Updating ProjectRef(uri("file:/Users/adam/.sbt/1.0/plugins/"), "global-plugins")...
2020.06.20 07:36:34 INFO  [info] Done updating.
2020.06.20 07:36:39 INFO  [info] Loading settings from plugins.sbt,metals.sbt ...
2020.06.20 07:36:39 INFO  [info] Loading project definition from /Users/adam/projects/surus/project
2020.06.20 07:36:39 INFO  [info] Updating ProjectRef(uri("file:/Users/adam/projects/surus/project/"), "surus-build")...
2020.06.20 07:36:55 INFO  [info] downloading https://repo1.maven.org/maven2/com/google/code/gson/gson/2.7/gson-2.7.jar ...
2020.06.20 07:36:55 INFO  [info] downloading https://repo1.maven.org/maven2/ch/epfl/scala/sbt-bloop_2.12_1.0/1.4.0-RC1-229-b7c15aa9/sbt-bloop-1.4.0-RC1-229-b7c15aa9.jar ...
2020.06.20 07:36:57 INFO  [info] 	[SUCCESSFUL ] com.google.code.gson#gson;2.7!gson.jar (1548ms)
2020.06.20 07:36:57 INFO  [info] 	[SUCCESSFUL ] ch.epfl.scala#sbt-bloop;1.4.0-RC1-229-b7c15aa9!sbt-bloop.jar (2376ms)
2020.06.20 07:36:57 INFO  [info] Done updating.
2020.06.20 07:36:58 INFO  [warn] Found version conflict(s) in library dependencies; some are suspected to be binary incompatible:
2020.06.20 07:36:58 INFO  [warn] 	* com.google.code.findbugs:jsr305:3.0.2 is selected over 1.3.9
2020.06.20 07:36:58 INFO  [warn] 	    +- ch.epfl.scala:sbt-bloop:1.4.0-RC1-229-b7c15aa9 (scalaVersion=2.12, sbtVersion=1.0) (depends on 3.0.2)
2020.06.20 07:36:58 INFO  [warn] 	    +- org.scala-js:closure-compiler-java-6:v20160517     (depends on 1.3.9)
2020.06.20 07:36:58 INFO  [warn] Run 'evicted' to see detailed eviction warnings
2020.06.20 07:37:01 INFO  [info] Loading settings from build.sbt ...
2020.06.20 07:37:01 INFO  [info] Set current project to surus (in build file:/Users/adam/projects/surus/)
2020.06.20 07:37:01 INFO  [info] downloading https://repo1.maven.org/maven2/org/scala-lang/modules/scala-parser-combinators_2.11/1.0.4/scala-parser-combinators_2.11-1.0.4-sources.jar ...
2020.06.20 07:37:01 INFO  [info] downloading https://repo1.maven.org/maven2/org/scala-lang/modules/scala-xml_2.11/1.0.6/scala-xml_2.11-1.0.6-sources.jar ...
2020.06.20 07:37:02 INFO  [info] 	[SUCCESSFUL ] org.scala-lang.modules#scala-parser-combinators_2.11;1.0.4!scala-parser-combinators_2.11.jar(src) (279ms)
2020.06.20 07:37:02 INFO  [info] downloading https://repo1.maven.org/maven2/org/scala-lang/scala-library/2.11.11/scala-library-2.11.11-sources.jar ...
2020.06.20 07:37:02 INFO  [info] 	[SUCCESSFUL ] org.scala-lang.modules#scala-xml_2.11;1.0.6!scala-xml_2.11.jar(src) (289ms)
2020.06.20 07:37:02 INFO  [info] downloading https://repo1.maven.org/maven2/org/scala-lang/modules/scala-xml_2.11/1.0.5/scala-xml_2.11-1.0.5-sources.jar ...
2020.06.20 07:37:02 INFO  [info] downloading https://repo1.maven.org/maven2/org/scala-lang/scala-reflect/2.11.11/scala-reflect-2.11.11-sources.jar ...
2020.06.20 07:37:02 INFO  [info] downloading https://repo1.maven.org/maven2/org/scala-lang/scala-compiler/2.11.11/scala-compiler-2.11.11-sources.jar ...
2020.06.20 07:37:02 INFO  [info] 	[SUCCESSFUL ] org.scala-lang.modules#scala-xml_2.11;1.0.5!scala-xml_2.11.jar(src) (423ms)
2020.06.20 07:37:02 INFO  [info] downloading https://repo1.maven.org/maven2/jline/jline/2.14.3/jline-2.14.3-sources.jar ...
2020.06.20 07:37:02 INFO  [info] 	[SUCCESSFUL ] org.scala-lang#scala-reflect;2.11.11!scala-reflect.jar(src) (195ms)
2020.06.20 07:37:02 INFO  [info] 	[SUCCESSFUL ] jline#jline;2.14.3!jline.jar(src) (171ms)
2020.06.20 07:37:02 INFO  [info] 	[SUCCESSFUL ] org.scala-lang#scala-library;2.11.11!scala-library.jar(src) (636ms)
2020.06.20 07:37:02 INFO  [info] 	[SUCCESSFUL ] org.scala-lang#scala-compiler;2.11.11!scala-compiler.jar(src) (580ms)
2020.06.20 07:37:02 INFO  [success] Generated .bloop/root-test.json
2020.06.20 07:37:02 INFO  [success] Generated .bloop/root.json
2020.06.20 07:37:02 INFO  [success] Total time: 1 s, completed Jun 20, 2020 7:37:03 AM
2020.06.20 07:37:02 INFO  build tool exit: 0
2020.06.20 07:37:03 INFO  time: ran 'sbt bloopInstall' in 47s
Starting the bsp launcher for bloop...
Opening a bsp server connection with 'bsp --protocol local --socket /var/folders/r2/9gk2tdtn4p91pms9xj6gfd_00000gn/T/bsp-launcher1275765894174189655/bsp.socket'...
Waiting for the bsp connection to come up...
[0m[32m[D][0m Loading 2 projects from '/Users/adam/projects/surus/.bloop'...
[0m[32m[D][0m Loading project from '/Users/adam/projects/surus/.bloop/root-test.json'
[0m[32m[D][0m Loading project from '/Users/adam/projects/surus/.bloop/root.json'
[0m[32m[D][0m Cache miss for scala instance org.scala-lang:scala-compiler:2.11.11.
[0m[32m[D][0m   => /Users/adam/.ivy2/cache/jline/jline/jars/jline-2.14.3.jar
[0m[32m[D][0m   => /Users/adam/.ivy2/cache/org.scala-lang.modules/scala-parser-combinators_2.11/bundles/scala-parser-combinators_2.11-1.0.4.jar
[0m[32m[D][0m   => /Users/adam/.ivy2/cache/org.scala-lang.modules/scala-xml_2.11/bundles/scala-xml_2.11-1.0.5.jar
[0m[32m[D][0m   => /Users/adam/.ivy2/cache/org.scala-lang/scala-compiler/jars/scala-compiler-2.11.11.jar
[0m[32m[D][0m   => /Users/adam/.ivy2/cache/org.scala-lang/scala-library/jars/scala-library-2.11.11.jar
[0m[32m[D][0m   => /Users/adam/.ivy2/cache/org.scala-lang/scala-reflect/jars/scala-reflect-2.11.11.jar
[0m[32m[D][0m Missing analysis file for project 'root'
[0m[32m[D][0m Missing analysis file for project 'root-test'
[0m[32m[D][0m Waiting for a connection at local:///var/folders/r2/9gk2tdtn4p91pms9xj6gfd_00000gn/T/bsp-launcher1275765894174189655/bsp.socket...
The server is listening for incoming connections at local:///var/folders/r2/9gk2tdtn4p91pms9xj6gfd_00000gn/T/bsp-launcher1275765894174189655/bsp.socket...
Starting thread that pumps stdin and redirects it to the bsp server...
Starting thread that pumps server stdout and redirects it to the client stdout...
2020.06.20 07:37:03 INFO  tracing is disabled for protocol BSP, to enable tracing of incoming and outgoing JSON messages create an empty file at /Users/adam/Library/Caches/org.scalameta.metals/bsp.trace.json
2020.06.20 07:37:03 INFO  time: connected to build server in 0.21s
2020.06.20 07:37:03 INFO  Connected to Build server v1.4.0-RC1-229-b7c15aa9
2020.06.20 07:37:07 INFO  time: indexed workspace in 3.62s
2020.06.20 07:37:07 WARN  unsupported Scala 2.11.11
2020.06.20 07:40:00 INFO  compiling root (2 scala sources)
2020.06.20 07:40:12 WARN  unsupported Scala 2.11.11
2020.06.20 07:40:17 INFO  time: compiled root in 16s
2020.06.20 07:40:21 INFO  running '/Library/Java/JavaVirtualMachines/jdk1.8.0_144.jdk/Contents/Home/jre/bin/java -Djline.terminal=jline.UnsupportedTerminal -Dsbt.log.noformat=true -Dfile.encoding=UTF-8 -jar /var/folders/r2/9gk2tdtn4p91pms9xj6gfd_00000gn/T/metals4984906174012647447/sbt-launch.jar -Dbloop.export-jar-classifiers=sources bloopInstall'
2020.06.20 07:40:31 INFO  [info] Loading global plugins from /Users/adam/.sbt/1.0/plugins
2020.06.20 07:40:39 INFO  [info] Loading settings from plugins.sbt,metals.sbt ...
2020.06.20 07:40:39 INFO  [info] Loading project definition from /Users/adam/projects/surus/project
2020.06.20 07:40:43 INFO  [info] Loading settings from build.sbt ...
2020.06.20 07:40:43 INFO  [info] Set current project to surus (in build file:/Users/adam/projects/surus/)
2020.06.20 07:40:43 INFO  [info] Updating ...
2020.06.20 07:40:45 WARN  unsupported Scala 2.11.11
2020.06.20 07:40:45 WARN  unsupported Scala 2.11.11
2020.06.20 07:40:45 WARN  unsupported Scala 2.11.11
2020.06.20 07:40:45 INFO  compiling root (2 scala sources)
2020.06.20 07:40:45 WARN  unsupported Scala 2.11.11
2020.06.20 07:40:45 INFO  [info] downloading https://repo1.maven.org/maven2/org/scala-lang/scala-reflect/2.12.11/scala-reflect-2.12.11.jar ...
2020.06.20 07:40:45 INFO  [info] downloading https://repo1.maven.org/maven2/org/scala-lang/scala-library/2.12.11/scala-library-2.12.11.jar ...
2020.06.20 07:40:45 INFO  [info] downloading https://repo1.maven.org/maven2/org/scala-lang/scala-compiler/2.12.11/scala-compiler-2.12.11.jar ...
2020.06.20 07:40:46 WARN  unsupported Scala 2.11.11
2020.06.20 07:40:47 INFO  [info] 	[SUCCESSFUL ] org.scala-lang#scala-library;2.12.11!scala-library.jar (1118ms)
2020.06.20 07:40:47 INFO  [info] 	[SUCCESSFUL ] org.scala-lang#scala-reflect;2.12.11!scala-reflect.jar (1535ms)
2020.06.20 07:40:47 INFO  time: compiled root in 1.98s
2020.06.20 07:40:47 INFO  [info] 	[SUCCESSFUL ] org.scala-lang#scala-compiler;2.12.11!scala-compiler.jar (1900ms)
2020.06.20 07:40:47 INFO  [info] Done updating.
2020.06.20 07:40:48 INFO  [info] downloading https://repo1.maven.org/maven2/org/scala-lang/modules/scala-xml_2.12/1.0.6/scala-xml_2.12-1.0.6-sources.jar ...
2020.06.20 07:40:48 INFO  [info] downloading https://repo1.maven.org/maven2/jline/jline/2.14.6/jline-2.14.6-sources.jar ...
2020.06.20 07:40:48 INFO  [info] downloading https://repo1.maven.org/maven2/org/scala-lang/scala-library/2.12.11/scala-library-2.12.11-sources.jar ...
2020.06.20 07:40:48 INFO  [info] downloading https://repo1.maven.org/maven2/org/scala-lang/scala-reflect/2.12.11/scala-reflect-2.12.11-sources.jar ...
2020.06.20 07:40:48 INFO  [info] 	[SUCCESSFUL ] org.scala-lang.modules#scala-xml_2.12;1.0.6!scala-xml_2.12.jar(src) (341ms)
2020.06.20 07:40:48 INFO  [info] 	[SUCCESSFUL ] jline#jline;2.14.6!jline.jar(src) (361ms)
2020.06.20 07:40:48 INFO  [info] downloading https://repo1.maven.org/maven2/org/scala-lang/scala-compiler/2.12.11/scala-compiler-2.12.11-sources.jar ...
2020.06.20 07:40:48 INFO  [info] 	[SUCCESSFUL ] org.scala-lang#scala-library;2.12.11!scala-library.jar(src) (566ms)
2020.06.20 07:40:48 INFO  [info] downloading https://repo1.maven.org/maven2/org/fusesource/jansi/jansi/1.12/jansi-1.12-sources.jar ...
2020.06.20 07:40:48 INFO  [info] 	[SUCCESSFUL ] org.fusesource.jansi#jansi;1.12!jansi.jar(src) (152ms)
2020.06.20 07:40:48 INFO  [info] 	[SUCCESSFUL ] org.scala-lang#scala-compiler;2.12.11!scala-compiler.jar(src) (386ms)
2020.06.20 07:40:48 INFO  [info] 	[SUCCESSFUL ] org.scala-lang#scala-reflect;2.12.11!scala-reflect.jar(src) (778ms)
2020.06.20 07:40:48 INFO  [success] Generated .bloop/root-test.json
2020.06.20 07:40:48 INFO  [success] Generated .bloop/root.json
2020.06.20 07:40:49 INFO  [success] Total time: 6 s, completed Jun 20, 2020 7:40:49 AM
2020.06.20 07:40:49 INFO  build tool exit: 0
2020.06.20 07:40:49 INFO  time: ran 'sbt bloopInstall' in 27s
2020.06.20 07:40:49 INFO  disconnected: build server
No more data in the client stdin, exiting...
Starting the bsp launcher for bloop...
Opening a bsp server connection with 'bsp --protocol local --socket /var/folders/r2/9gk2tdtn4p91pms9xj6gfd_00000gn/T/bsp-launcher3048669462090113713/bsp.socket'...
Waiting for the bsp connection to come up...
2020.06.20 07:40:49 INFO  tracing is disabled for protocol BSP, to enable tracing of incoming and outgoing JSON messages create an empty file at /Users/adam/Library/Caches/org.scalameta.metals/bsp.trace.json
2020.06.20 07:40:49 INFO  Connected to Build server v1.4.0-RC1-229-b7c15aa9
2020.06.20 07:40:50 INFO  time: indexed workspace in 0.95s
2020.06.20 07:40:50 INFO  compiling root (2 scala sources)
2020.06.20 07:40:55 INFO  time: compiled root in 5.33s
2020.06.20 07:41:50 INFO  running '/Library/Java/JavaVirtualMachines/jdk1.8.0_144.jdk/Contents/Home/jre/bin/java -Djline.terminal=jline.UnsupportedTerminal -Dsbt.log.noformat=true -Dfile.encoding=UTF-8 -jar /var/folders/r2/9gk2tdtn4p91pms9xj6gfd_00000gn/T/metals1283658821055051410/sbt-launch.jar -Dbloop.export-jar-classifiers=sources bloopInstall'
2020.06.20 07:41:55 INFO  compiling root (2 scala sources)
2020.06.20 07:41:57 INFO  time: compiled root in 2.34s
2020.06.20 07:42:01 INFO  [info] Loading global plugins from /Users/adam/.sbt/1.0/plugins
2020.06.20 07:42:10 INFO  [info] Loading settings from plugins.sbt,metals.sbt ...
2020.06.20 07:42:10 INFO  [info] Loading project definition from /Users/adam/projects/surus/project
2020.06.20 07:42:13 INFO  [info] Loading settings from build.sbt ...
2020.06.20 07:42:13 INFO  [info] Set current project to surus (in build file:/Users/adam/projects/surus/)
2020.06.20 07:42:13 INFO  [info] Updating ...
2020.06.20 07:42:21 INFO  [info] downloading https://repo1.maven.org/maven2/org/scala-lang/scala-library/2.13.2/scala-library-2.13.2.jar ...
2020.06.20 07:42:21 INFO  [info] downloading https://repo1.maven.org/maven2/org/scala-lang/scala-reflect/2.13.2/scala-reflect-2.13.2.jar ...
2020.06.20 07:42:21 INFO  [info] downloading https://repo1.maven.org/maven2/org/jline/jline/3.14.1/jline-3.14.1.jar ...
2020.06.20 07:42:21 INFO  [info] downloading https://repo1.maven.org/maven2/org/scala-lang/scala-compiler/2.13.2/scala-compiler-2.13.2.jar ...
2020.06.20 07:42:21 INFO  [info] 	[SUCCESSFUL ] org.scala-lang#scala-reflect;2.13.2!scala-reflect.jar (748ms)
2020.06.20 07:42:21 INFO  [info] downloading https://repo1.maven.org/maven2/net/java/dev/jna/jna/5.3.1/jna-5.3.1.jar ...
2020.06.20 07:42:21 INFO  [info] 	[SUCCESSFUL ] org.jline#jline;3.14.1!jline.jar (948ms)
2020.06.20 07:42:22 INFO  [info] 	[SUCCESSFUL ] net.java.dev.jna#jna;5.3.1!jna.jar (335ms)
2020.06.20 07:42:23 INFO  [info] 	[SUCCESSFUL ] org.scala-lang#scala-library;2.13.2!scala-library.jar (2120ms)
2020.06.20 07:42:23 INFO  [info] 	[SUCCESSFUL ] org.scala-lang#scala-compiler;2.13.2!scala-compiler.jar (2037ms)
2020.06.20 07:42:23 INFO  [info] Done updating.
2020.06.20 07:42:23 INFO  [info] downloading https://repo1.maven.org/maven2/net/java/dev/jna/jna/5.3.1/jna-5.3.1-sources.jar ...
2020.06.20 07:42:23 INFO  [info] downloading https://repo1.maven.org/maven2/org/scala-lang/scala-reflect/2.13.2/scala-reflect-2.13.2-sources.jar ...
2020.06.20 07:42:23 INFO  [info] downloading https://repo1.maven.org/maven2/org/jline/jline/3.14.1/jline-3.14.1-sources.jar ...
2020.06.20 07:42:23 INFO  [info] downloading https://repo1.maven.org/maven2/org/scala-lang/scala-library/2.13.2/scala-library-2.13.2-sources.jar ...
2020.06.20 07:42:23 INFO  [info] 	[SUCCESSFUL ] net.java.dev.jna#jna;5.3.1!jna.jar(src) (250ms)
2020.06.20 07:42:23 INFO  [info] 	[SUCCESSFUL ] org.scala-lang#scala-library;2.13.2!scala-library.jar(src) (270ms)
2020.06.20 07:42:23 INFO  [info] downloading https://repo1.maven.org/maven2/org/scala-lang/scala-compiler/2.13.2/scala-compiler-2.13.2-sources.jar ...
2020.06.20 07:42:23 INFO  [info] 	[SUCCESSFUL ] org.scala-lang#scala-reflect;2.13.2!scala-reflect.jar(src) (284ms)
2020.06.20 07:42:23 INFO  [info] 	[SUCCESSFUL ] org.jline#jline;3.14.1!jline.jar(src) (390ms)
2020.06.20 07:42:23 INFO  [info] 	[SUCCESSFUL ] org.scala-lang#scala-compiler;2.13.2!scala-compiler.jar(src) (255ms)
2020.06.20 07:42:23 INFO  [success] Generated .bloop/root-test.json
2020.06.20 07:42:23 INFO  [success] Generated .bloop/root.json
2020.06.20 07:42:23 INFO  [success] Total time: 11 s, completed Jun 20, 2020 7:42:24 AM
2020.06.20 07:42:24 INFO  build tool exit: 0
2020.06.20 07:42:24 INFO  time: ran 'sbt bloopInstall' in 34s
2020.06.20 07:42:24 INFO  disconnected: build server
2020.06.20 07:42:28 INFO  tracing is disabled for protocol BSP, to enable tracing of incoming and outgoing JSON messages create an empty file at /Users/adam/Library/Caches/org.scalameta.metals/bsp.trace.json
2020.06.20 07:42:28 INFO  time: connected to build server in 4.22s
2020.06.20 07:42:28 INFO  Connected to Build server v1.4.0-RC1-229-b7c15aa9
2020.06.20 07:42:28 INFO  time: indexed workspace in 0.9s
2020.06.20 07:42:29 INFO  compiling root (2 scala sources)
2020.06.20 07:42:35 ERROR code navigation does not work for the file '/Users/adam/projects/surus/HillReport.scala' because the SemanticDB file '/Users/adam/projects/surus/.bloop/root/bloop-bsp-clients-classes/classes-Metals-GQjEpladQ9S1noUnyJDieQ==/META-INF/semanticdb/HillReport.scala.semanticdb' doesn't exist. There can be many reasons for this error. 
2020.06.20 07:42:50 INFO  time: compiled root in 20s
2020.06.20 07:49:16 INFO  skipping build import with status 'Installed'
2020.06.20 07:49:18 INFO  skipping build import with status 'Installed'
2020.06.20 07:49:18 INFO  compiling root (2 scala sources)
2020.06.20 07:49:19 INFO  time: compiled root in 1.09s
2020.06.20 07:49:46 INFO  skipping build import with status 'Installed'
2020.06.20 07:49:46 INFO  compiling root (2 scala sources)
2020.06.20 07:49:46 INFO  time: compiled root in 0.57s
2020.06.20 07:50:31 INFO  skipping build import with status 'Installed'
2020.06.20 07:50:31 INFO  compiling root (2 scala sources)
2020.06.20 07:50:31 INFO  time: compiled root in 0.46s
2020.06.20 07:50:36 ERROR code navigation does not work for the file '/Users/adam/projects/surus/HillReport.scala' because the SemanticDB file '/Users/adam/projects/surus/.bloop/root/bloop-bsp-clients-classes/classes-Metals-GQjEpladQ9S1noUnyJDieQ==/META-INF/semanticdb/HillReport.scala.semanticdb' doesn't exist. There can be many reasons for this error. 
2020.06.20 07:51:38 INFO  skipping build import with status 'Installed'
2020.06.20 07:51:38 INFO  compiling root (2 scala sources)
2020.06.20 07:51:38 INFO  time: compiled root in 0.43s
2020.06.20 07:51:40 INFO  skipping build import with status 'Installed'
2020.06.20 07:51:40 INFO  compiling root (2 scala sources)
2020.06.20 07:51:40 INFO  time: compiled root in 0.47s
2020.06.20 07:51:44 ERROR code navigation does not work for the file '/Users/adam/projects/surus/HillReport.scala' because the SemanticDB file '/Users/adam/projects/surus/.bloop/root/bloop-bsp-clients-classes/classes-Metals-GQjEpladQ9S1noUnyJDieQ==/META-INF/semanticdb/HillReport.scala.semanticdb' doesn't exist. There can be many reasons for this error. 
2020.06.20 07:51:49 ERROR code navigation does not work for the file '/Users/adam/projects/surus/HillReport.scala' because the SemanticDB file '/Users/adam/projects/surus/.bloop/root/bloop-bsp-clients-classes/classes-Metals-GQjEpladQ9S1noUnyJDieQ==/META-INF/semanticdb/HillReport.scala.semanticdb' doesn't exist. There can be many reasons for this error. 
2020.06.20 07:51:49 ERROR code navigation does not work for the file '/Users/adam/projects/surus/HillReport.scala' because the SemanticDB file '/Users/adam/projects/surus/.bloop/root/bloop-bsp-clients-classes/classes-Metals-GQjEpladQ9S1noUnyJDieQ==/META-INF/semanticdb/HillReport.scala.semanticdb' doesn't exist. There can be many reasons for this error. 
2020.06.20 07:51:49 ERROR code navigation does not work for the file '/Users/adam/projects/surus/HillReport.scala' because the SemanticDB file '/Users/adam/projects/surus/.bloop/root/bloop-bsp-clients-classes/classes-Metals-GQjEpladQ9S1noUnyJDieQ==/META-INF/semanticdb/HillReport.scala.semanticdb' doesn't exist. There can be many reasons for this error. 
2020.06.20 07:52:25 INFO  compiling root (2 scala sources)
2020.06.20 07:52:25 INFO  time: compiled root in 0.43s
2020.06.20 07:53:03 INFO  skipping build import with status 'Installed'
2020.06.20 07:53:03 INFO  compiling root (2 scala sources)
2020.06.20 07:53:03 INFO  time: compiled root in 0.4s
2020.06.20 07:53:32 INFO  skipping build import with status 'Installed'
2020.06.20 07:53:32 INFO  compiling root (2 scala sources)
2020.06.20 07:53:34 INFO  time: compiled root in 2.87s
2020.06.20 07:53:37 INFO  skipping build import with status 'Installed'
2020.06.20 07:53:37 INFO  compiling root (1 scala source)
2020.06.20 07:53:37 INFO  time: compiled root in 0.2s
2020.06.20 07:54:47 INFO  skipping build import with status 'Installed'
2020.06.20 07:54:47 INFO  compiling root (1 scala source)
2020.06.20 07:54:47 INFO  time: compiled root in 75ms
2020.06.20 07:54:52 INFO  skipping build import with status 'Installed'
2020.06.20 07:54:52 INFO  compiling root (1 scala source)
2020.06.20 07:54:53 INFO  time: compiled root in 1.1s
2020.06.20 07:55:25 INFO  tracing is disabled for protocol dap-server, to enable tracing of incoming and outgoing JSON messages create an empty file at /Users/adam/Library/Caches/org.scalameta.metals/dap-server.trace.json
2020.06.20 07:55:25 INFO  tracing is disabled for protocol dap-client, to enable tracing of incoming and outgoing JSON messages create an empty file at /Users/adam/Library/Caches/org.scalameta.metals/dap-client.trace.json
2020.06.20 07:55:25 INFO  Starting debug proxy for [analysis.HillReport]
2020.06.20 07:55:25 INFO  Listening for transport dt_socket at address: 54948
2020.06.20 07:55:25 INFO  Trying to attach to remote debuggee VM localhost:54948 .
2020.06.20 07:55:31 INFO  Attaching to debuggee VM succeeded.
2020.06.20 07:55:32 INFO  HillReport.scala:10 max = 0.1: Some([sobo: start = Point(725.44,1775), end = Point(725.35,1903), ?m = 0.09000000000003183, ?a = 128, grade = 1422.2222222217192]) 
2020.06.20 07:55:32 INFO  HillReport.scala:10 max = 0.2: Some([nobo: start = Point(590.95,2739), end = Point(591.14,3053), ?m = 0.18999999999994088, ?a = 314, grade = 1652.6315789478826]) 
2020.06.20 07:55:32 INFO  HillReport.scala:10 max = 0.3: Some([nobo: start = Point(636.85,1787), end = Point(637.14,2296), ?m = 0.2899999999999636, ?a = 509, grade = 1755.1724137933236]) 
2020.06.20 07:55:32 INFO  HillReport.scala:10 max = 0.4: Some([sobo: start = Point(633.5,1785), end = Point(633.11,2478), ?m = 0.38999999999998636, ?a = 693, grade = 1776.923076923139]) 
2020.06.20 07:55:32 INFO  HillReport.scala:10 max = 0.5: Some([sobo: start = Point(633.56,1739), end = Point(633.11,2478), ?m = 0.4499999999999318, ?a = 739, grade = 1642.2222222224711]) 
2020.06.20 07:55:32 INFO  HillReport.scala:10 max = 0.6: Some([nobo: start = Point(636.85,1787), end = Point(637.44,2867), ?m = 0.5900000000000318, ?a = 1080, grade = 1830.5084745761724]) 
2020.06.20 07:55:32 INFO  HillReport.scala:10 max = 0.7: Some([nobo: start = Point(636.85,1787), end = Point(637.44,2867), ?m = 0.5900000000000318, ?a = 1080, grade = 1830.5084745761724]) 
2020.06.20 07:55:32 INFO  HillReport.scala:10 max = 0.8: Some([sobo: start = Point(633.5,1785), end = Point(632.71,2951), ?m = 0.7899999999999636, ?a = 1166, grade = 1475.9493670886757]) 
2020.06.20 07:55:32 INFO  HillReport.scala:10 max = 0.9: Some([nobo: start = Point(636.85,1787), end = Point(637.74,3135), ?m = 0.8899999999999864, ?a = 1348, grade = 1514.606741573057]) 
2020.06.20 07:55:32 INFO  HillReport.scala:10 max = 1.0: Some([sobo: start = Point(633.5,1785), end = Point(632.51,3180), ?m = 0.9900000000000091, ?a = 1395, grade = 1409.090909090896]) 
2020.06.20 07:55:32 INFO  HillReport.scala:10 max = 1.1: Some([sobo: start = Point(633.56,1739), end = Point(632.51,3180), ?m = 1.0499999999999545, ?a = 1441, grade = 1372.3809523810119]) 
2020.06.20 07:55:32 INFO  HillReport.scala:10 max = 1.2: Some([sobo: start = Point(633.5,1785), end = Point(632.32,3305), ?m = 1.17999999999995, ?a = 1520, grade = 1288.1355932203935]) 
2020.06.20 07:55:32 INFO  HillReport.scala:10 max = 1.3: Some([sobo: start = Point(633.56,1739), end = Point(632.32,3305), ?m = 1.2399999999998954, ?a = 1566, grade = 1262.903225806558]) 
2020.06.20 07:55:32 INFO  HillReport.scala:10 max = 1.4: Some([sobo: start = Point(633.5,1785), end = Point(632.12,3496), ?m = 1.3799999999999955, ?a = 1711, grade = 1239.855072463772]) 
2020.06.20 07:55:32 INFO  HillReport.scala:10 max = 1.5: Some([sobo: start = Point(633.56,1739), end = Point(632.12,3496), ?m = 1.4399999999999409, ?a = 1757, grade = 1220.138888888939]) 
2020.06.20 07:55:32 INFO  HillReport.scala:10 max = 1.6: Some([sobo: start = Point(633.5,1785), end = Point(631.92,3638), ?m = 1.580000000000041, ?a = 1853, grade = 1172.784810126552]) 
2020.06.20 07:55:32 INFO  HillReport.scala:10 max = 1.7: Some([sobo: start = Point(633.56,1739), end = Point(631.92,3638), ?m = 1.6399999999999864, ?a = 1899, grade = 1157.9268292683023]) 
2020.06.20 07:55:32 INFO  HillReport.scala:10 max = 1.8: Some([sobo: start = Point(633.56,1739), end = Point(631.92,3638), ?m = 1.6399999999999864, ?a = 1899, grade = 1157.9268292683023]) 
2020.06.20 07:55:32 INFO  HillReport.scala:10 max = 1.9: Some([sobo: start = Point(633.56,1739), end = Point(631.73,3655), ?m = 1.8299999999999272, ?a = 1916, grade = 1046.9945355191674]) 
2020.06.20 07:55:32 INFO  HillReport.scala:10 max = 2.0: Some([sobo: start = Point(633.86,1622), end = Point(631.92,3638), ?m = 1.9400000000000546, ?a = 2016, grade = 1039.1752577319296]) 
2020.06.20 07:55:32 INFO  HillReport.scala:10 max = 2.1: Some([sobo: start = Point(633.86,1622), end = Point(631.92,3638), ?m = 1.9400000000000546, ?a = 2016, grade = 1039.1752577319296]) 
2020.06.20 07:55:32 INFO  HillReport.scala:10 max = 2.2: Some([sobo: start = Point(633.86,1622), end = Point(631.73,3655), ?m = 2.1299999999999955, ?a = 2033, grade = 954.4600938967156]) 
2020.06.20 07:55:32 INFO  HillReport.scala:10 max = 2.3: Some([sobo: start = Point(633.86,1622), end = Point(631.73,3655), ?m = 2.1299999999999955, ?a = 2033, grade = 954.4600938967156]) 
2020.06.20 07:55:32 INFO  HillReport.scala:10 max = 2.4: Some([sobo: start = Point(633.86,1622), end = Point(631.53,3667), ?m = 2.330000000000041, ?a = 2045, grade = 877.682403433461]) 
2020.06.20 07:55:32 INFO  HillReport.scala:10 max = 2.5: Some([sobo: start = Point(633.86,1622), end = Point(631.53,3667), ?m = 2.330000000000041, ?a = 2045, grade = 877.682403433461]) 
2020.06.20 07:55:32 INFO  HillReport.scala:10 max = 2.6: Some([sobo: start = Point(633.86,1622), end = Point(631.33,3734), ?m = 2.5299999999999727, ?a = 2112, grade = 834.7826086956612]) 
2020.06.20 07:55:32 INFO  HillReport.scala:10 max = 2.7: Some([sobo: start = Point(633.86,1622), end = Point(631.33,3734), ?m = 2.5299999999999727, ?a = 2112, grade = 834.7826086956612]) 
2020.06.20 07:55:32 INFO  HillReport.scala:10 max = 2.8: Some([sobo: start = Point(633.86,1622), end = Point(631.14,3745), ?m = 2.7200000000000273, ?a = 2123, grade = 780.5147058823451]) 
2020.06.20 07:55:32 INFO  HillReport.scala:10 max = 2.9: Some([sobo: start = Point(633.86,1622), end = Point(631.14,3745), ?m = 2.7200000000000273, ?a = 2123, grade = 780.5147058823451]) 
2020.06.20 07:55:32 INFO  HillReport.scala:10 max = 3.0: Some([sobo: start = Point(633.86,1622), end = Point(631.14,3745), ?m = 2.7200000000000273, ?a = 2123, grade = 780.5147058823451]) 
2020.06.20 07:55:32 INFO  HillReport.scala:10 max = 3.1: Some([sobo: start = Point(633.86,1622), end = Point(631.14,3745), ?m = 2.7200000000000273, ?a = 2123, grade = 780.5147058823451]) 
2020.06.20 07:55:32 INFO  HillReport.scala:10 max = 3.2: Some([sobo: start = Point(633.86,1622), end = Point(631.14,3745), ?m = 2.7200000000000273, ?a = 2123, grade = 780.5147058823451]) 
2020.06.20 07:55:32 INFO  HillReport.scala:10 max = 3.3: Some([sobo: start = Point(830.75,1659), end = Point(827.54,3978), ?m = 3.2100000000000364, ?a = 2319, grade = 722.4299065420479]) 
2020.06.20 07:55:32 INFO  HillReport.scala:10 max = 3.4: Some([sobo: start = Point(830.75,1659), end = Point(827.54,3978), ?m = 3.2100000000000364, ?a = 2319, grade = 722.4299065420479]) 
2020.06.20 07:55:32 INFO  HillReport.scala:10 max = 3.5: Some([sobo: start = Point(830.75,1659), end = Point(827.54,3978), ?m = 3.2100000000000364, ?a = 2319, grade = 722.4299065420479]) 
2020.06.20 07:55:32 INFO  HillReport.scala:10 max = 3.6: Some([sobo: start = Point(831.11,1393), end = Point(827.54,3978), ?m = 3.57000000000005, ?a = 2585, grade = 724.0896358543316]) 
2020.06.20 07:55:32 INFO  HillReport.scala:10 max = 3.7: Some([sobo: start = Point(831.11,1393), end = Point(827.54,3978), ?m = 3.57000000000005, ?a = 2585, grade = 724.0896358543316]) 
2020.06.20 07:55:32 INFO  HillReport.scala:10 max = 3.8: Some([sobo: start = Point(831.11,1393), end = Point(827.54,3978), ?m = 3.57000000000005, ?a = 2585, grade = 724.0896358543316]) 
2020.06.20 07:55:32 INFO  HillReport.scala:10 max = 3.9: Some([sobo: start = Point(831.11,1393), end = Point(827.54,3978), ?m = 3.57000000000005, ?a = 2585, grade = 724.0896358543316]) 
2020.06.20 07:55:32 INFO  HillReport.scala:10 max = 4.0: Some([sobo: start = Point(831.47,1126), end = Point(827.54,3978), ?m = 3.9300000000000637, ?a = 2852, grade = 725.699745547062]) 
2020.06.20 07:55:32 INFO  HillReport.scala:10 max = 4.1: Some([sobo: start = Point(831.47,1126), end = Point(827.54,3978), ?m = 3.9300000000000637, ?a = 2852, grade = 725.699745547062]) 
2020.06.20 07:55:32 INFO  HillReport.scala:10 max = 4.2: Some([sobo: start = Point(831.47,1126), end = Point(827.54,3978), ?m = 3.9300000000000637, ?a = 2852, grade = 725.699745547062]) 
2020.06.20 07:55:32 INFO  HillReport.scala:10 max = 4.3: Some([sobo: start = Point(831.83,989), end = Point(827.54,3978), ?m = 4.290000000000077, ?a = 2989, grade = 696.7365967365841]) 
2020.06.20 07:55:32 INFO  HillReport.scala:10 max = 4.4: Some([sobo: start = Point(831.83,989), end = Point(827.54,3978), ?m = 4.290000000000077, ?a = 2989, grade = 696.7365967365841]) 
2020.06.20 07:55:32 INFO  HillReport.scala:10 max = 4.5: Some([sobo: start = Point(831.83,989), end = Point(827.54,3978), ?m = 4.290000000000077, ?a = 2989, grade = 696.7365967365841]) 
2020.06.20 07:55:32 INFO  HillReport.scala:10 max = 4.6: Some([sobo: start = Point(831.83,989), end = Point(827.54,3978), ?m = 4.290000000000077, ?a = 2989, grade = 696.7365967365841]) 
2020.06.20 07:55:32 INFO  HillReport.scala:10 max = 4.7: Some([sobo: start = Point(831.83,989), end = Point(827.19,4020), ?m = 4.639999999999986, ?a = 3031, grade = 653.2327586206916]) 
2020.06.20 07:55:32 INFO  HillReport.scala:10 max = 4.8: Some([sobo: start = Point(831.83,989), end = Point(827.19,4020), ?m = 4.639999999999986, ?a = 3031, grade = 653.2327586206916]) 
2020.06.20 07:55:32 INFO  HillReport.scala:10 max = 4.9: Some([sobo: start = Point(831.83,989), end = Point(827.19,4020), ?m = 4.639999999999986, ?a = 3031, grade = 653.2327586206916]) 
2020.06.20 07:55:32 INFO  HillReport.scala:10 max = 5.0: Some([sobo: start = Point(831.83,989), end = Point(827.19,4020), ?m = 4.639999999999986, ?a = 3031, grade = 653.2327586206916]) 
2020.06.20 07:55:33 INFO  Canceling debug proxy for [analysis.HillReport]
2020.06.20 07:58:47 INFO  skipping build import with status 'Installed'
2020.06.20 07:58:47 INFO  compiling root (1 scala source)
2020.06.20 07:58:48 INFO  time: compiled root in 1.04s
2020.06.20 07:59:11 INFO  skipping build import with status 'Installed'
2020.06.20 07:59:11 INFO  compiling root (1 scala source)
2020.06.20 07:59:12 INFO  time: compiled root in 1.22s
2020.06.20 08:00:01 INFO  skipping build import with status 'Installed'
2020.06.20 08:00:01 INFO  compiling root (1 scala source)
2020.06.20 08:00:02 INFO  time: compiled root in 1.24s
2020.06.20 08:00:12 INFO  skipping build import with status 'Installed'
2020.06.20 08:00:12 INFO  compiling root (1 scala source)
2020.06.20 08:00:13 INFO  time: compiled root in 1.08s
2020.06.20 08:00:30 INFO  skipping build import with status 'Installed'
2020.06.20 08:00:30 INFO  compiling root (1 scala source)
2020.06.20 08:00:31 INFO  time: compiled root in 1.08s
2020.06.20 08:00:45 INFO  tracing is disabled for protocol dap-server, to enable tracing of incoming and outgoing JSON messages create an empty file at /Users/adam/Library/Caches/org.scalameta.metals/dap-server.trace.json
2020.06.20 08:00:45 INFO  tracing is disabled for protocol dap-client, to enable tracing of incoming and outgoing JSON messages create an empty file at /Users/adam/Library/Caches/org.scalameta.metals/dap-client.trace.json
2020.06.20 08:00:45 INFO  Starting debug proxy for [analysis.HillReport]
2020.06.20 08:00:45 INFO  Listening for transport dt_socket at address: 54993
2020.06.20 08:00:45 INFO  Trying to attach to remote debuggee VM localhost:54993 .
2020.06.20 08:00:45 INFO  Attaching to debuggee VM succeeded.
2020.06.20 08:00:46 INFO  HillReport.scala:10 max = 0.1: Some([nobo: start = Point(426.74,2307), end = Point(426.8,2158), ?m = 0.060000000000002274, ?a = -149, grade = -2483.3333333332394]) 
2020.06.20 08:00:46 INFO  HillReport.scala:10 max = 0.2: Some([nobo: start = Point(633.11,2478), end = Point(633.3,2178), ?m = 0.18999999999994088, ?a = -300, grade = -1578.9473684215438]) 
2020.06.20 08:00:46 INFO  HillReport.scala:10 max = 0.3: Some([nobo: start = Point(633.3,2178), end = Point(633.56,1739), ?m = 0.2599999999999909, ?a = -439, grade = -1688.4615384615975]) 
2020.06.20 08:00:46 INFO  HillReport.scala:10 max = 0.4: Some([nobo: start = Point(633.11,2478), end = Point(633.5,1785), ?m = 0.38999999999998636, ?a = -693, grade = -1776.923076923139]) 
2020.06.20 08:00:46 INFO  HillReport.scala:10 max = 0.5: Some([nobo: start = Point(633.11,2478), end = Point(633.56,1739), ?m = 0.4499999999999318, ?a = -739, grade = -1642.2222222224711]) 
2020.06.20 08:00:46 INFO  HillReport.scala:10 max = 0.6: Some([nobo: start = Point(632.91,2749), end = Point(633.5,1785), ?m = 0.5900000000000318, ?a = -964, grade = -1633.8983050846575]) 
2020.06.20 08:00:46 INFO  HillReport.scala:10 max = 0.7: Some([nobo: start = Point(632.91,2749), end = Point(633.56,1739), ?m = 0.6499999999999773, ?a = -1010, grade = -1553.8461538462082]) 
2020.06.20 08:00:46 INFO  HillReport.scala:10 max = 0.8: Some([nobo: start = Point(632.71,2951), end = Point(633.5,1785), ?m = 0.7899999999999636, ?a = -1166, grade = -1475.9493670886757]) 
2020.06.20 08:00:46 INFO  HillReport.scala:10 max = 0.9: Some([nobo: start = Point(632.71,2951), end = Point(633.56,1739), ?m = 0.849999999999909, ?a = -1212, grade = -1425.8823529413291]) 
2020.06.20 08:00:46 INFO  HillReport.scala:10 max = 1.0: Some([nobo: start = Point(632.51,3180), end = Point(633.5,1785), ?m = 0.9900000000000091, ?a = -1395, grade = -1409.090909090896]) 
2020.06.20 08:00:46 INFO  HillReport.scala:10 max = 1.1: Some([nobo: start = Point(632.51,3180), end = Point(633.56,1739), ?m = 1.0499999999999545, ?a = -1441, grade = -1372.3809523810119]) 
2020.06.20 08:00:46 INFO  HillReport.scala:10 max = 1.2: Some([nobo: start = Point(632.32,3305), end = Point(633.5,1785), ?m = 1.17999999999995, ?a = -1520, grade = -1288.1355932203935]) 
2020.06.20 08:00:46 INFO  HillReport.scala:10 max = 1.3: Some([nobo: start = Point(632.32,3305), end = Point(633.56,1739), ?m = 1.2399999999998954, ?a = -1566, grade = -1262.903225806558]) 
2020.06.20 08:00:46 INFO  HillReport.scala:10 max = 1.4: Some([nobo: start = Point(632.12,3496), end = Point(633.5,1785), ?m = 1.3799999999999955, ?a = -1711, grade = -1239.855072463772]) 
2020.06.20 08:00:46 INFO  HillReport.scala:10 max = 1.5: Some([nobo: start = Point(632.12,3496), end = Point(633.56,1739), ?m = 1.4399999999999409, ?a = -1757, grade = -1220.138888888939]) 
2020.06.20 08:00:46 INFO  HillReport.scala:10 max = 1.6: Some([nobo: start = Point(631.92,3638), end = Point(633.5,1785), ?m = 1.580000000000041, ?a = -1853, grade = -1172.784810126552]) 
2020.06.20 08:00:46 INFO  HillReport.scala:10 max = 1.7: Some([nobo: start = Point(631.92,3638), end = Point(633.56,1739), ?m = 1.6399999999999864, ?a = -1899, grade = -1157.9268292683023]) 
2020.06.20 08:00:46 INFO  HillReport.scala:10 max = 1.8: Some([nobo: start = Point(631.92,3638), end = Point(633.56,1739), ?m = 1.6399999999999864, ?a = -1899, grade = -1157.9268292683023]) 
2020.06.20 08:00:46 INFO  HillReport.scala:10 max = 1.9: Some([nobo: start = Point(631.73,3655), end = Point(633.56,1739), ?m = 1.8299999999999272, ?a = -1916, grade = -1046.9945355191674]) 
2020.06.20 08:00:46 INFO  HillReport.scala:10 max = 2.0: Some([nobo: start = Point(631.92,3638), end = Point(633.86,1622), ?m = 1.9400000000000546, ?a = -2016, grade = -1039.1752577319296]) 
2020.06.20 08:00:46 INFO  HillReport.scala:10 max = 2.1: Some([nobo: start = Point(631.92,3638), end = Point(633.86,1622), ?m = 1.9400000000000546, ?a = -2016, grade = -1039.1752577319296]) 
2020.06.20 08:00:46 INFO  HillReport.scala:10 max = 2.2: Some([nobo: start = Point(631.73,3655), end = Point(633.86,1622), ?m = 2.1299999999999955, ?a = -2033, grade = -954.4600938967156]) 
2020.06.20 08:00:46 INFO  HillReport.scala:10 max = 2.3: Some([nobo: start = Point(631.73,3655), end = Point(633.86,1622), ?m = 2.1299999999999955, ?a = -2033, grade = -954.4600938967156]) 
2020.06.20 08:00:46 INFO  HillReport.scala:10 max = 2.4: Some([nobo: start = Point(631.53,3667), end = Point(633.86,1622), ?m = 2.330000000000041, ?a = -2045, grade = -877.682403433461]) 
2020.06.20 08:00:46 INFO  HillReport.scala:10 max = 2.5: Some([nobo: start = Point(631.53,3667), end = Point(633.86,1622), ?m = 2.330000000000041, ?a = -2045, grade = -877.682403433461]) 
2020.06.20 08:00:46 INFO  HillReport.scala:10 max = 2.6: Some([nobo: start = Point(631.33,3734), end = Point(633.86,1622), ?m = 2.5299999999999727, ?a = -2112, grade = -834.7826086956612]) 
2020.06.20 08:00:46 INFO  HillReport.scala:10 max = 2.7: Some([nobo: start = Point(631.33,3734), end = Point(633.86,1622), ?m = 2.5299999999999727, ?a = -2112, grade = -834.7826086956612]) 
2020.06.20 08:00:46 INFO  HillReport.scala:10 max = 2.8: Some([nobo: start = Point(631.14,3745), end = Point(633.86,1622), ?m = 2.7200000000000273, ?a = -2123, grade = -780.5147058823451]) 
2020.06.20 08:00:46 INFO  HillReport.scala:10 max = 2.9: Some([nobo: start = Point(631.14,3745), end = Point(633.86,1622), ?m = 2.7200000000000273, ?a = -2123, grade = -780.5147058823451]) 
2020.06.20 08:00:46 INFO  HillReport.scala:10 max = 3.0: Some([nobo: start = Point(631.14,3745), end = Point(633.86,1622), ?m = 2.7200000000000273, ?a = -2123, grade = -780.5147058823451]) 
2020.06.20 08:00:46 INFO  HillReport.scala:10 max = 3.1: Some([nobo: start = Point(631.14,3745), end = Point(633.86,1622), ?m = 2.7200000000000273, ?a = -2123, grade = -780.5147058823451]) 
2020.06.20 08:00:46 INFO  HillReport.scala:10 max = 3.2: Some([nobo: start = Point(631.14,3745), end = Point(633.86,1622), ?m = 2.7200000000000273, ?a = -2123, grade = -780.5147058823451]) 
2020.06.20 08:00:46 INFO  HillReport.scala:10 max = 3.3: Some([nobo: start = Point(827.54,3978), end = Point(830.75,1659), ?m = 3.2100000000000364, ?a = -2319, grade = -722.4299065420479]) 
2020.06.20 08:00:46 INFO  HillReport.scala:10 max = 3.4: Some([nobo: start = Point(827.54,3978), end = Point(830.75,1659), ?m = 3.2100000000000364, ?a = -2319, grade = -722.4299065420479]) 
2020.06.20 08:00:46 INFO  HillReport.scala:10 max = 3.5: Some([nobo: start = Point(827.54,3978), end = Point(830.75,1659), ?m = 3.2100000000000364, ?a = -2319, grade = -722.4299065420479]) 
2020.06.20 08:00:46 INFO  HillReport.scala:10 max = 3.6: Some([nobo: start = Point(827.54,3978), end = Point(831.11,1393), ?m = 3.57000000000005, ?a = -2585, grade = -724.0896358543316]) 
2020.06.20 08:00:46 INFO  HillReport.scala:10 max = 3.7: Some([nobo: start = Point(827.54,3978), end = Point(831.11,1393), ?m = 3.57000000000005, ?a = -2585, grade = -724.0896358543316]) 
2020.06.20 08:00:46 INFO  HillReport.scala:10 max = 3.8: Some([nobo: start = Point(827.54,3978), end = Point(831.11,1393), ?m = 3.57000000000005, ?a = -2585, grade = -724.0896358543316]) 
2020.06.20 08:00:46 INFO  HillReport.scala:10 max = 3.9: Some([nobo: start = Point(827.54,3978), end = Point(831.11,1393), ?m = 3.57000000000005, ?a = -2585, grade = -724.0896358543316]) 
2020.06.20 08:00:46 INFO  HillReport.scala:10 max = 4.0: Some([nobo: start = Point(827.54,3978), end = Point(831.47,1126), ?m = 3.9300000000000637, ?a = -2852, grade = -725.699745547062]) 
2020.06.20 08:00:46 INFO  HillReport.scala:10 max = 4.1: Some([nobo: start = Point(827.54,3978), end = Point(831.47,1126), ?m = 3.9300000000000637, ?a = -2852, grade = -725.699745547062]) 
2020.06.20 08:00:46 INFO  HillReport.scala:10 max = 4.2: Some([nobo: start = Point(827.54,3978), end = Point(831.47,1126), ?m = 3.9300000000000637, ?a = -2852, grade = -725.699745547062]) 
2020.06.20 08:00:46 INFO  HillReport.scala:10 max = 4.3: Some([nobo: start = Point(827.54,3978), end = Point(831.83,989), ?m = 4.290000000000077, ?a = -2989, grade = -696.7365967365841]) 
2020.06.20 08:00:46 INFO  HillReport.scala:10 max = 4.4: Some([nobo: start = Point(827.54,3978), end = Point(831.83,989), ?m = 4.290000000000077, ?a = -2989, grade = -696.7365967365841]) 
2020.06.20 08:00:46 INFO  HillReport.scala:10 max = 4.5: Some([nobo: start = Point(827.54,3978), end = Point(831.83,989), ?m = 4.290000000000077, ?a = -2989, grade = -696.7365967365841]) 
2020.06.20 08:00:46 INFO  HillReport.scala:10 max = 4.6: Some([nobo: start = Point(827.54,3978), end = Point(831.83,989), ?m = 4.290000000000077, ?a = -2989, grade = -696.7365967365841]) 
2020.06.20 08:00:46 INFO  HillReport.scala:10 max = 4.7: Some([nobo: start = Point(827.19,4020), end = Point(831.83,989), ?m = 4.639999999999986, ?a = -3031, grade = -653.2327586206916]) 
2020.06.20 08:00:46 INFO  HillReport.scala:10 max = 4.8: Some([nobo: start = Point(827.19,4020), end = Point(831.83,989), ?m = 4.639999999999986, ?a = -3031, grade = -653.2327586206916]) 
2020.06.20 08:00:46 INFO  HillReport.scala:10 max = 4.9: Some([nobo: start = Point(827.19,4020), end = Point(831.83,989), ?m = 4.639999999999986, ?a = -3031, grade = -653.2327586206916]) 
2020.06.20 08:00:46 INFO  HillReport.scala:10 max = 5.0: Some([nobo: start = Point(827.19,4020), end = Point(831.83,989), ?m = 4.639999999999986, ?a = -3031, grade = -653.2327586206916]) 
2020.06.20 08:00:47 INFO  Canceling debug proxy for [analysis.HillReport]
2020.06.20 08:02:30 INFO  skipping build import with status 'Installed'
2020.06.20 08:02:30 INFO  compiling root (1 scala source)
2020.06.20 08:02:30 INFO  time: compiled root in 0.94s
2020.06.20 08:02:35 INFO  skipping build import with status 'Installed'
2020.06.20 08:02:35 INFO  compiling root (1 scala source)
2020.06.20 08:02:36 INFO  time: compiled root in 1.24s
2020.06.20 08:02:39 INFO  skipping build import with status 'Installed'
2020.06.20 08:02:39 INFO  compiling root (1 scala source)
2020.06.20 08:02:40 INFO  time: compiled root in 1.04s
2020.06.20 08:02:57 INFO  tracing is disabled for protocol dap-server, to enable tracing of incoming and outgoing JSON messages create an empty file at /Users/adam/Library/Caches/org.scalameta.metals/dap-server.trace.json
2020.06.20 08:02:57 INFO  tracing is disabled for protocol dap-client, to enable tracing of incoming and outgoing JSON messages create an empty file at /Users/adam/Library/Caches/org.scalameta.metals/dap-client.trace.json
2020.06.20 08:02:57 INFO  Starting debug proxy for [analysis.HillReport]
2020.06.20 08:02:57 INFO  Listening for transport dt_socket at address: 55022
2020.06.20 08:02:57 INFO  Trying to attach to remote debuggee VM localhost:55022 .
2020.06.20 08:02:57 INFO  Attaching to debuggee VM succeeded.
2020.06.20 08:02:58 INFO  HillReport.scala:10 max = 1.5: Some([nobo: start = Point(632.12,3496), end = Point(633.56,1739), ?m = 1.4399999999999409, ?a = -1757, grade = -1220.138888888939]) 
2020.06.20 08:02:58 INFO  Canceling debug proxy for [analysis.HillReport]
2020.06.20 08:04:25 INFO  skipping build import with status 'Installed'
2020.06.20 08:04:25 INFO  compiling root (1 scala source)
2020.06.20 08:04:25 INFO  /Users/adam/projects/surus/HillReport.scala:52:26: stale bloop error: unclosed string literal
      .take(25).mkString("\n\t)
                         ^
2020.06.20 08:04:25 INFO  /Users/adam/projects/surus/HillReport.scala:52:26: stale bloop error: unclosed string literal
      .take(25).mkString("\n\t)
                         ^
2020.06.20 08:04:25 INFO  /Users/adam/projects/surus/HillReport.scala:55:3: stale bloop error: ')' expected but '}' found.
  }
  ^
2020.06.20 08:04:25 INFO  time: compiled root in 69ms
2020.06.20 08:04:26 INFO  /Users/adam/projects/surus/HillReport.scala:52:26: stale bloop error: unclosed string literal
      .take(25).mkString("\n\t)
                         ^
2020.06.20 08:04:26 INFO  /Users/adam/projects/surus/HillReport.scala:55:3: stale bloop error: ')' expected but '}' found.
  }
  ^
2020.06.20 08:04:26 INFO  /Users/adam/projects/surus/HillReport.scala:52:26: stale bloop error: unclosed string literal
      .take(25).mkString("\n\t)
                         ^
2020.06.20 08:04:26 INFO  /Users/adam/projects/surus/HillReport.scala:55:3: stale bloop error: ')' expected but '}' found.
  }
  ^
2020.06.20 08:04:26 INFO  skipping build import with status 'Installed'
2020.06.20 08:04:27 INFO  compiling root (1 scala source)
2020.06.20 08:04:28 INFO  time: compiled root in 1.03s
2020.06.20 08:04:29 INFO  skipping build import with status 'Installed'
2020.06.20 08:04:29 INFO  compiling root (1 scala source)
2020.06.20 08:04:29 INFO  time: compiled root in 0.96s
2020.06.20 08:04:52 INFO  skipping build import with status 'Installed'
2020.06.20 08:04:52 INFO  compiling root (1 scala source)
2020.06.20 08:04:53 INFO  time: compiled root in 1.04s
2020.06.20 08:05:05 INFO  tracing is disabled for protocol dap-server, to enable tracing of incoming and outgoing JSON messages create an empty file at /Users/adam/Library/Caches/org.scalameta.metals/dap-server.trace.json
2020.06.20 08:05:05 INFO  tracing is disabled for protocol dap-client, to enable tracing of incoming and outgoing JSON messages create an empty file at /Users/adam/Library/Caches/org.scalameta.metals/dap-client.trace.json
2020.06.20 08:05:05 INFO  Starting debug proxy for [analysis.HillReport]
2020.06.20 08:05:05 INFO  Listening for transport dt_socket at address: 55055
2020.06.20 08:05:05 INFO  Trying to attach to remote debuggee VM localhost:55055 .
2020.06.20 08:05:05 INFO  Attaching to debuggee VM succeeded.
2020.06.20 08:05:06 INFO  HillReport.scala:10
2020.06.20 08:05:06 INFO   1.5: [nobo: start = Point(632.12,3496), end = Point(633.56,1739), ?m = 1.4399999999999409, ?a = -1757, grade = -1220.138888888939]
2020.06.20 08:05:06 INFO  	[nobo: start = Point(632.12,3496), end = Point(633.5,1785), ?m = 1.3799999999999955, ?a = -1711, grade = -1239.855072463772]
2020.06.20 08:05:06 INFO  	[nobo: start = Point(632.12,3496), end = Point(633.5,1811), ?m = 1.3799999999999955, ?a = -1685, grade = -1221.014492753627]
2020.06.20 08:05:06 INFO  	[nobo: start = Point(632.32,3305), end = Point(633.56,1739), ?m = 1.2399999999998954, ?a = -1566, grade = -1262.903225806558]
2020.06.20 08:05:06 INFO  	[nobo: start = Point(632.51,3180), end = Point(633.86,1622), ?m = 1.3500000000000227, ?a = -1558, grade = -1154.0740740740546]
2020.06.20 08:05:06 INFO  	[nobo: start = Point(632.32,3305), end = Point(633.5,1785), ?m = 1.17999999999995, ?a = -1520, grade = -1288.1355932203935]
2020.06.20 08:05:06 INFO  	[nobo: start = Point(632.32,3305), end = Point(633.5,1811), ?m = 1.17999999999995, ?a = -1494, grade = -1266.101694915308]
2020.06.20 08:05:06 INFO  	[nobo: start = Point(631.92,3638), end = Point(633.3,2178), ?m = 1.3799999999999955, ?a = -1460, grade = -1057.9710144927571]
2020.06.20 08:05:06 INFO  	[nobo: start = Point(632.51,3180), end = Point(633.56,1739), ?m = 1.0499999999999545, ?a = -1441, grade = -1372.3809523810119]
2020.06.20 08:05:06 INFO  	[nobo: start = Point(632.51,3180), end = Point(633.5,1785), ?m = 0.9900000000000091, ?a = -1395, grade = -1409.090909090896]
2020.06.20 08:05:06 INFO  	[nobo: start = Point(632.51,3180), end = Point(633.5,1811), ?m = 0.9900000000000091, ?a = -1369, grade = -1382.8282828282702]
2020.06.20 08:05:06 INFO  	[nobo: start = Point(632.71,2951), end = Point(633.86,1622), ?m = 1.1499999999999773, ?a = -1329, grade = -1155.6521739130662]
2020.06.20 08:05:06 INFO  	[nobo: start = Point(632.12,3496), end = Point(633.3,2178), ?m = 1.17999999999995, ?a = -1318, grade = -1116.9491525424203]
2020.06.20 08:05:06 INFO  	[nobo: start = Point(632.71,2951), end = Point(634.16,1688), ?m = 1.4499999999999318, ?a = -1263, grade = -871.0344827586616]
2020.06.20 08:05:06 INFO  	[nobo: start = Point(632.71,2951), end = Point(633.56,1739), ?m = 0.849999999999909, ?a = -1212, grade = -1425.8823529413291]
2020.06.20 08:05:06 INFO  	[nobo: start = Point(631.73,3655), end = Point(633.11,2478), ?m = 1.3799999999999955, ?a = -1177, grade = -852.8985507246405]
2020.06.20 08:05:06 INFO  	[nobo: start = Point(632.71,2951), end = Point(633.5,1785), ?m = 0.7899999999999636, ?a = -1166, grade = -1475.9493670886757]
2020.06.20 08:05:06 INFO  	[nobo: start = Point(631.92,3638), end = Point(633.11,2478), ?m = 1.1900000000000546, ?a = -1160, grade = -974.7899159663418]
2020.06.20 08:05:06 INFO  	[nobo: start = Point(632.71,2951), end = Point(633.5,1811), ?m = 0.7899999999999636, ?a = -1140, grade = -1443.0379746836109]
2020.06.20 08:05:06 INFO  	[nobo: start = Point(664.63,3854), end = Point(666.12,2720), ?m = 1.490000000000009, ?a = -1134, grade = -761.073825503351]
2020.06.20 08:05:06 INFO  	[nobo: start = Point(632.32,3305), end = Point(633.3,2178), ?m = 0.9799999999999045, ?a = -1127, grade = -1150.000000000112]
2020.06.20 08:05:06 INFO  	[nobo: start = Point(632.91,2749), end = Point(633.86,1622), ?m = 0.9500000000000455, ?a = -1127, grade = -1186.3157894736273]
2020.06.20 08:05:06 INFO  	[nobo: start = Point(828.61,3215), end = Point(830.04,2115), ?m = 1.42999999999995, ?a = -1100, grade = -769.2307692307961]
2020.06.20 08:05:06 INFO  	[nobo: start = Point(664.33,4013), end = Point(665.82,2924), ?m = 1.490000000000009, ?a = -1089, grade = -730.8724832214721]
2020.06.20 08:05:06 INFO  	[nobo: start = Point(828.26,3439), end = Point(829.68,2355), ?m = 1.419999999999959, ?a = -1084, grade = -763.3802816901629] 
2020.06.20 08:05:06 INFO  Canceling debug proxy for [analysis.HillReport]
2020.06.20 08:06:14 INFO  skipping build import with status 'Installed'
2020.06.20 08:06:14 INFO  compiling root (1 scala source)
2020.06.20 08:06:15 INFO  time: compiled root in 1s
2020.06.20 08:06:27 INFO  tracing is disabled for protocol dap-server, to enable tracing of incoming and outgoing JSON messages create an empty file at /Users/adam/Library/Caches/org.scalameta.metals/dap-server.trace.json
2020.06.20 08:06:27 INFO  tracing is disabled for protocol dap-client, to enable tracing of incoming and outgoing JSON messages create an empty file at /Users/adam/Library/Caches/org.scalameta.metals/dap-client.trace.json
2020.06.20 08:06:27 INFO  Starting debug proxy for [analysis.HillReport]
2020.06.20 08:06:27 INFO  Listening for transport dt_socket at address: 55084
2020.06.20 08:06:27 INFO  Trying to attach to remote debuggee VM localhost:55084 .
2020.06.20 08:06:27 INFO  Attaching to debuggee VM succeeded.
2020.06.20 08:06:28 INFO  HillReport.scala:10
2020.06.20 08:06:28 INFO   1.5: [nobo: start = Point(632.12,3496), end = Point(633.56,1739), ?m = 1.4399999999999409, ?a = -1757, grade = -1220.138888888939]
2020.06.20 08:06:28 INFO  	[nobo: start = Point(632.32,3305), end = Point(633.56,1739), ?m = 1.2399999999998954, ?a = -1566, grade = -1262.903225806558]
2020.06.20 08:06:28 INFO  	[nobo: start = Point(632.51,3180), end = Point(633.86,1622), ?m = 1.3500000000000227, ?a = -1558, grade = -1154.0740740740546]
2020.06.20 08:06:28 INFO  	[nobo: start = Point(631.92,3638), end = Point(633.3,2178), ?m = 1.3799999999999955, ?a = -1460, grade = -1057.9710144927571]
2020.06.20 08:06:28 INFO  	[nobo: start = Point(632.71,2951), end = Point(633.86,1622), ?m = 1.1499999999999773, ?a = -1329, grade = -1155.6521739130662]
2020.06.20 08:06:28 INFO  	[nobo: start = Point(631.73,3655), end = Point(633.11,2478), ?m = 1.3799999999999955, ?a = -1177, grade = -852.8985507246405]
2020.06.20 08:06:28 INFO  	[nobo: start = Point(664.63,3854), end = Point(666.12,2720), ?m = 1.490000000000009, ?a = -1134, grade = -761.073825503351]
2020.06.20 08:06:28 INFO  	[nobo: start = Point(632.91,2749), end = Point(633.86,1622), ?m = 0.9500000000000455, ?a = -1127, grade = -1186.3157894736273]
2020.06.20 08:06:28 INFO  	[nobo: start = Point(828.61,3215), end = Point(830.04,2115), ?m = 1.42999999999995, ?a = -1100, grade = -769.2307692307961]
2020.06.20 08:06:28 INFO  	[nobo: start = Point(664.33,4013), end = Point(665.82,2924), ?m = 1.490000000000009, ?a = -1089, grade = -730.8724832214721]
2020.06.20 08:06:28 INFO  	[nobo: start = Point(828.26,3439), end = Point(829.68,2355), ?m = 1.419999999999959, ?a = -1084, grade = -763.3802816901629]
2020.06.20 08:06:28 INFO  	[nobo: start = Point(829.33,2710), end = Point(830.75,1659), ?m = 1.419999999999959, ?a = -1051, grade = -740.1408450704439]
2020.06.20 08:06:28 INFO  	[nobo: start = Point(272.3,2434), end = Point(273.75,1391), ?m = 1.4499999999999886, ?a = -1043, grade = -719.3103448275918]
2020.06.20 08:06:28 INFO  	[nobo: start = Point(272.45,2419), end = Point(273.75,1391), ?m = 1.3000000000000114, ?a = -1028, grade = -790.7692307692239]
2020.06.20 08:06:28 INFO  	[nobo: start = Point(828.97,2962), end = Point(830.4,1943), ?m = 1.42999999999995, ?a = -1019, grade = -712.5874125874375]
2020.06.20 08:06:28 INFO  	[nobo: start = Point(827.54,3978), end = Point(828.97,2962), ?m = 1.4300000000000637, ?a = -1016, grade = -710.4895104894789]
2020.06.20 08:06:28 INFO  	[nobo: start = Point(671.5,3631), end = Point(672.99,2624), ?m = 1.490000000000009, ?a = -1007, grade = -675.8389261744925]
2020.06.20 08:06:28 INFO  	[nobo: start = Point(797.92,2129), end = Point(799.34,1126), ?m = 1.4200000000000728, ?a = -1003, grade = -706.3380281689779]
2020.06.20 08:06:28 INFO  	[nobo: start = Point(304.47,4541), end = Point(305.7,3542), ?m = 1.2299999999999613, ?a = -999, grade = -812.195121951245]
2020.06.20 08:06:28 INFO  	[nobo: start = Point(652.98,3413), end = Point(654.47,2416), ?m = 1.490000000000009, ?a = -997, grade = -669.1275167785194]
2020.06.20 08:06:28 INFO  	[nobo: start = Point(272.59,2338), end = Point(274.06,1343), ?m = 1.4700000000000273, ?a = -995, grade = -676.8707482993071]
2020.06.20 08:06:28 INFO  	[nobo: start = Point(263.5,4475), end = Point(264.94,3484), ?m = 1.4399999999999977, ?a = -991, grade = -688.1944444444455]
2020.06.20 08:06:28 INFO  	[nobo: start = Point(830.04,2115), end = Point(831.47,1126), ?m = 1.4300000000000637, ?a = -989, grade = -691.6083916083608]
2020.06.20 08:06:28 INFO  	[nobo: start = Point(272.16,2461), end = Point(273.6,1478), ?m = 1.4399999999999977, ?a = -983, grade = -682.6388888888899]
2020.06.20 08:06:28 INFO  	[nobo: start = Point(652.68,3561), end = Point(654.17,2591), ?m = 1.490000000000009, ?a = -970, grade = -651.006711409392] 
2020.06.20 08:06:28 INFO  Canceling debug proxy for [analysis.HillReport]
2020.06.20 08:06:52 INFO  skipping build import with status 'Installed'
2020.06.20 08:06:52 INFO  compiling root (1 scala source)
2020.06.20 08:06:52 INFO  time: compiled root in 0.93s
2020.06.20 08:07:41 INFO  skipping build import with status 'Installed'
2020.06.20 08:07:41 INFO  compiling root (1 scala source)
2020.06.20 08:07:42 INFO  time: compiled root in 1.09s
2020.06.20 08:08:52 INFO  shutting down Metals
2020.06.20 08:16:43 INFO  started: Metals version 0.9.0 in workspace '/Users/adam/projects/surus'
2020.06.20 08:16:43 INFO  time: initialize in 0.44s
Starting the bsp launcher for bloop...
Opening a bsp server connection with 'bsp --protocol local --socket /var/folders/r2/9gk2tdtn4p91pms9xj6gfd_00000gn/T/bsp-launcher3696209998342431752/bsp.socket'...
Waiting for the bsp connection to come up...
2020.06.20 08:16:44 INFO  no build target: using presentation compiler with only scala-library
Waiting for the bsp connection to come up...
Waiting for the bsp connection to come up...
2020.06.20 08:16:47 WARN  no build target for: /Users/adam/projects/surus/HillReport.scala
Jun 20, 2020 8:16:47 AM org.eclipse.lsp4j.jsonrpc.RemoteEndpoint handleCancellation
WARNING: Unmatched cancel notification for request id 1
Waiting for the bsp connection to come up...
Waiting for the bsp connection to come up...
No server running at 127.0.0.1:8212, let's fire one...
Resolving ch.epfl.scala:bloop-frontend_2.12:1.4.0-RC1-229-b7c15aa9...
Starting bloop server at 127.0.0.1:8212...
Attempting a connection to the server...
Attempting a connection to the server...
Attempting a connection to the server...
Attempting a connection to the server...
Attempting a connection to the server...
Attempting a connection to the server...
Attempting a connection to the server...
Attempting a connection to the server...
Attempting a connection to the server...
Attempting a connection to the server...
Attempting a connection to the server...
[0m[32m[D][0m Loading workspace settings from bloop.settings.json
[0m[32m[D][0m Loading 2 projects from '/Users/adam/projects/surus/.bloop'...
[0m[32m[D][0m Loading project from '/Users/adam/projects/surus/.bloop/root-test.json'
[0m[32m[D][0m Loading project from '/Users/adam/projects/surus/.bloop/root.json'
[0m[32m[D][0m Cache miss for scala instance org.scala-lang:scala-compiler:2.13.2.
[0m[32m[D][0m   => /Users/adam/.ivy2/cache/net.java.dev.jna/jna/jars/jna-5.3.1.jar
[0m[32m[D][0m   => /Users/adam/.ivy2/cache/org.jline/jline/jars/jline-3.14.1.jar
[0m[32m[D][0m   => /Users/adam/.ivy2/cache/org.scala-lang/scala-compiler/jars/scala-compiler-2.13.2.jar
[0m[32m[D][0m   => /Users/adam/.ivy2/cache/org.scala-lang/scala-library/jars/scala-library-2.13.2.jar
[0m[32m[D][0m   => /Users/adam/.ivy2/cache/org.scala-lang/scala-reflect/jars/scala-reflect-2.13.2.jar
[0m[32m[D][0m Configured SemanticDB in projects 'root-test', 'root'
[0m[32m[D][0m Missing analysis file for project 'root-test'
[0m[32m[D][0m Missing analysis file for project 'root'
[0m[32m[D][0m Waiting for a connection at local:///var/folders/r2/9gk2tdtn4p91pms9xj6gfd_00000gn/T/bsp-launcher3696209998342431752/bsp.socket...
The server is listening for incoming connections at local:///var/folders/r2/9gk2tdtn4p91pms9xj6gfd_00000gn/T/bsp-launcher3696209998342431752/bsp.socket...
Starting thread that pumps stdin and redirects it to the bsp server...
Starting thread that pumps server stdout and redirects it to the client stdout...
2020.06.20 08:16:49 INFO  tracing is disabled for protocol BSP, to enable tracing of incoming and outgoing JSON messages create an empty file at /Users/adam/Library/Caches/org.scalameta.metals/bsp.trace.json
2020.06.20 08:16:49 INFO  time: connected to build server in 5.61s
2020.06.20 08:16:49 INFO  Connected to Build server v1.4.0-RC1-229-b7c15aa9
2020.06.20 08:16:49 INFO  time: imported build in 0.12s
2020.06.20 08:16:51 INFO  time: indexed workspace in 1.85s
2020.06.20 08:16:53 INFO  compiling root (2 scala sources)
2020.06.20 08:17:02 INFO  time: compiled root in 9.52s
2020.06.20 08:17:42 INFO  skipping build import with status 'Requested'
2020.06.20 08:17:42 INFO  compiling root (1 scala source)
2020.06.20 08:17:45 INFO  time: compiled root in 2.85s
2020.06.20 08:19:28 INFO  skipping build import with status 'Requested'
2020.06.20 08:19:28 INFO  compiling root (1 scala source)
2020.06.20 08:19:31 INFO  time: compiled root in 2.54s
